<?xml version="1.0" encoding="UTF-8"?>
<!-- Generated by org.testng.reporters.JUnitReportReporter -->
<testsuite skipped="1" hostname="AKADUPPI-P2Y47" name="com.test.TestNGExercise" tests="2" failures="0" timestamp="19 Oct 2020 05:10:47 GMT" time="0.001" errors="1">
  <testcase name="f" time="0.001" classname="com.test.TestNGExercise">
    <skipped/>
  </testcase> <!-- f -->
  <testcase name="setup" time="0.000" classname="com.test.TestNGExercise">
    <error type="org.testng.TestNGException" message="
Parameter &#039;url&#039; is required by BeforeSuite on method setup but has not been marked @Optional or defined
in C:\Users\akaduppi\AppData\Local\Temp\testng-eclipse-1872703848\testng-customsuite.xml">
      <![CDATA[org.testng.TestNGException: 
Parameter 'url' is required by BeforeSuite on method setup but has not been marked @Optional or defined
in C:\Users\akaduppi\AppData\Local\Temp\testng-eclipse-1872703848\testng-customsuite.xml
	at org.testng.internal.Parameters.createParameters(Parameters.java:199)
	at org.testng.internal.Parameters.createParameters(Parameters.java:443)
	at org.testng.internal.Parameters.createConfigurationParameters(Parameters.java:118)
	at org.testng.internal.Invoker.invokeConfigurations(Invoker.java:206)
	at org.testng.internal.Invoker.invokeConfigurations(Invoker.java:146)
	at org.testng.SuiteRunner.privateRun(SuiteRunner.java:326)
	at org.testng.SuiteRunner.run(SuiteRunner.java:289)
	at org.testng.SuiteRunnerWorker.runSuite(SuiteRunnerWorker.java:52)
	at org.testng.SuiteRunnerWorker.run(SuiteRunnerWorker.java:86)
	at org.testng.TestNG.runSuitesSequentially(TestNG.java:1301)
	at org.testng.TestNG.runSuitesLocally(TestNG.java:1226)
	at org.testng.TestNG.runSuites(TestNG.java:1144)
	at org.testng.TestNG.run(TestNG.java:1115)
	at org.testng.remote.AbstractRemoteTestNG.run(AbstractRemoteTestNG.java:132)
	at org.testng.remote.RemoteTestNG.initAndRun(RemoteTestNG.java:230)
	at org.testng.remote.RemoteTestNG.main(RemoteTestNG.java:76)
]]>
    </error>
  </testcase> <!-- setup -->
</testsuite> <!-- com.test.TestNGExercise -->
