<?xml version="1.0" encoding="UTF-8"?>
<!-- Generated by org.testng.reporters.JUnitReportReporter -->
<testsuite skipped="0" hostname="AKADUPPI-P2Y47" name="com.test.NewTest" tests="1" failures="0" timestamp="15 Oct 2020 09:29:26 GMT" time="17.077" errors="0">
  <testcase name="f" time="17.077" classname="com.test.NewTest"/>
</testsuite> <!-- com.test.NewTest -->
