<?xml version="1.0" encoding="UTF-8"?>
<!-- Generated by org.testng.reporters.JUnitReportReporter -->
<testsuite skipped="0" hostname="AKADUPPI-P2Y47" name="com.test.NewTest" tests="1" failures="0" timestamp="23 Oct 2020 08:22:56 GMT" time="63.112" errors="0">
  <testcase name="f" time="63.112" classname="com.test.NewTest"/>
</testsuite> <!-- com.test.NewTest -->
