<?xml version="1.0" encoding="UTF-8"?>
<!-- Generated by org.testng.reporters.JUnitReportReporter -->
<testsuite skipped="0" hostname="AKADUPPI-P2Y47" name="com.NewTest" tests="2" failures="0" timestamp="23 Oct 2020 04:56:10 GMT" time="80.979" errors="0">
  <testcase name="f" time="60.094" classname="com.NewTest"/>
  <testcase name="category" time="20.885" classname="com.NewTest"/>
</testsuite> <!-- com.NewTest -->
