<?xml version="1.0" encoding="UTF-8"?>
<!-- Generated by org.testng.reporters.JUnitReportReporter -->
<testsuite skipped="0" hostname="AKADUPPI-P2Y47" name="com.ApiEx" tests="1" failures="0" timestamp="23 Oct 2020 08:33:15 GMT" time="8.466" errors="0">
  <testcase name="request1" time="8.466" classname="com.ApiEx"/>
</testsuite> <!-- com.ApiEx -->
